2017-01-08 01:21:59,326 [   AspectController.java:http-bio-8080-exec-5:20] - Running function getAll of controller class com.n2.portal.controller.SpendController$$EnhancerBySpringCGLIB$$f68ce3cf
2017-01-08 01:21:59,335 [   AspectController.java:http-bio-8080-exec-5:31] - ---------------------- getAll-------------------------------------
2017-01-08 01:21:59,335 [   AspectController.java:http-bio-8080-exec-5:32] - Result : <200 OK,[com.n2.portal.model.expense.SpendCategory@448d971f],{}>
2017-01-08 01:21:59,336 [   AspectController.java:http-bio-8080-exec-5:33] - -------------------------------------------------------------------------------
2017-01-08 01:22:01,358 [   AspectController.java:http-bio-8080-exec-5:20] - Running function getAll of controller class com.n2.portal.controller.SpendController$$EnhancerBySpringCGLIB$$f68ce3cf
2017-01-08 01:22:01,366 [   AspectController.java:http-bio-8080-exec-5:31] - ---------------------- getAll-------------------------------------
2017-01-08 01:22:01,366 [   AspectController.java:http-bio-8080-exec-5:32] - Result : <200 OK,[],{}>
2017-01-08 01:22:01,367 [   AspectController.java:http-bio-8080-exec-5:33] - -------------------------------------------------------------------------------
2017-01-08 01:22:03,069 [   AspectController.java:http-bio-8080-exec-5:20] - Running function getAll of controller class com.n2.portal.controller.SpendController$$EnhancerBySpringCGLIB$$f68ce3cf
2017-01-08 01:22:03,079 [   AspectController.java:http-bio-8080-exec-5:31] - ---------------------- getAll-------------------------------------
2017-01-08 01:22:03,079 [   AspectController.java:http-bio-8080-exec-5:32] - Result : <200 OK,[com.n2.portal.model.expense.SpendCategory@1f679d37, com.n2.portal.model.expense.SpendCategory@4dfab385],{}>
2017-01-08 01:22:03,080 [   AspectController.java:http-bio-8080-exec-5:33] - -------------------------------------------------------------------------------
2017-01-08 01:22:06,974 [   AspectController.java:http-bio-8080-exec-5:20] - Running function getAll of controller class com.n2.portal.controller.SpendController$$EnhancerBySpringCGLIB$$f68ce3cf
2017-01-08 01:22:06,983 [   AspectController.java:http-bio-8080-exec-5:26] - Exception getAllof controller class com.n2.portal.controller.SpendController$$EnhancerBySpringCGLIB$$f68ce3cf org.hibernate.NonUniqueResultException: query did not return a unique result: 2
2017-01-08 01:22:11,135 [   AspectController.java:http-bio-8080-exec-3:20] - Running function getAll of controller class com.n2.portal.controller.SpendController$$EnhancerBySpringCGLIB$$f68ce3cf
2017-01-08 01:22:11,145 [   AspectController.java:http-bio-8080-exec-3:26] - Exception getAllof controller class com.n2.portal.controller.SpendController$$EnhancerBySpringCGLIB$$f68ce3cf org.hibernate.NonUniqueResultException: query did not return a unique result: 2
2017-01-08 01:22:16,438 [   AspectController.java:http-bio-8080-exec-10:20] - Running function getAll of controller class com.n2.portal.controller.SpendController$$EnhancerBySpringCGLIB$$f68ce3cf
2017-01-08 01:22:16,447 [   AspectController.java:http-bio-8080-exec-10:31] - ---------------------- getAll-------------------------------------
2017-01-08 01:22:16,448 [   AspectController.java:http-bio-8080-exec-10:32] - Result : <200 OK,[com.n2.portal.model.expense.SpendCategory@7ad0acbc, com.n2.portal.model.expense.SpendCategory@1f6526ee, com.n2.portal.model.expense.SpendCategory@28640f89],{}>
2017-01-08 01:22:16,448 [   AspectController.java:http-bio-8080-exec-10:33] - -------------------------------------------------------------------------------
2017-01-08 01:22:21,054 [   AspectController.java:http-bio-8080-exec-10:20] - Running function updateSpendCategory of controller class com.n2.portal.controller.SpendController$$EnhancerBySpringCGLIB$$f68ce3cf
2017-01-08 01:22:21,061 [   AspectController.java:http-bio-8080-exec-10:31] - ---------------------- updateSpendCategory-------------------------------------
2017-01-08 01:22:21,061 [   AspectController.java:http-bio-8080-exec-10:32] - Result : <200 OK,com.n2.portal.model.expense.SpendCategory@3b5523b3,{}>
2017-01-08 01:22:21,062 [   AspectController.java:http-bio-8080-exec-10:33] - -------------------------------------------------------------------------------
2017-01-08 01:33:32,928 [   AspectController.java:http-bio-8080-exec-10:20] - Running function getUserCurrent of controller class com.n2.portal.controller.UserController$$EnhancerBySpringCGLIB$$ac97ef64
2017-01-08 01:33:32,929 [   AspectController.java:http-bio-8080-exec-1:20] - Running function getMenus of controller class com.n2.portal.controller.MenuController$$EnhancerBySpringCGLIB$$66a7ada0
2017-01-08 01:33:32,931 [   AspectController.java:http-bio-8080-exec-9:20] - Running function getExpenses of controller class com.n2.portal.controller.ExpenseController$$EnhancerBySpringCGLIB$$5e8d293d
2017-01-08 01:33:32,942 [   AspectController.java:http-bio-8080-exec-10:31] - ---------------------- getUserCurrent-------------------------------------
2017-01-08 01:33:32,942 [   AspectController.java:http-bio-8080-exec-10:32] - Result : User [id=1, ssoId=admin, password=$2a$10$hLkfaVeSZ9UB7hCrE1eeheb7EacOr9xbbghmkc0mqmdrPN.9dY.Fa, firstName=Nhan, lastName=Dinh, email=huunhancit@gmail.com, state=Active, userProfiles=[UserProfile [id=2,  type=ADMIN]]]
2017-01-08 01:33:32,943 [   AspectController.java:http-bio-8080-exec-10:33] - -------------------------------------------------------------------------------
2017-01-08 01:33:32,951 [   AspectController.java:http-bio-8080-exec-9:31] - ---------------------- getExpenses-------------------------------------
2017-01-08 01:33:32,951 [   AspectController.java:http-bio-8080-exec-9:32] - Result : <200 OK,[com.n2.portal.dto.ExpenseDateDTO@312b19a7, com.n2.portal.dto.ExpenseDateDTO@1cf3ff87, com.n2.portal.dto.ExpenseDateDTO@d5e3f57, com.n2.portal.dto.ExpenseDateDTO@3c5713d4, com.n2.portal.dto.ExpenseDateDTO@55d8d3d8, com.n2.portal.dto.ExpenseDateDTO@56541123, com.n2.portal.dto.ExpenseDateDTO@2a8c2839, com.n2.portal.dto.ExpenseDateDTO@2ec1470f, com.n2.portal.dto.ExpenseDateDTO@3d14171c, com.n2.portal.dto.ExpenseDateDTO@4bbfd494, com.n2.portal.dto.ExpenseDateDTO@b9e03a, com.n2.portal.dto.ExpenseDateDTO@2464261d, com.n2.portal.dto.ExpenseDateDTO@39d5797a, com.n2.portal.dto.ExpenseDateDTO@cfb11a0, com.n2.portal.dto.ExpenseDateDTO@438c9835, com.n2.portal.dto.ExpenseDateDTO@46dd1a97, com.n2.portal.dto.ExpenseDateDTO@5451b59f, com.n2.portal.dto.ExpenseDateDTO@f3d8a4, com.n2.portal.dto.ExpenseDateDTO@2719b5bf, com.n2.portal.dto.ExpenseDateDTO@93e1a69, com.n2.portal.dto.ExpenseDateDTO@501aab9c, com.n2.portal.dto.ExpenseDateDTO@4e327fc3, com.n2.portal.dto.ExpenseDateDTO@246c9ff7, com.n2.portal.dto.ExpenseDateDTO@5d782441, com.n2.portal.dto.ExpenseDateDTO@583b3239, com.n2.portal.dto.ExpenseDateDTO@5aa829a, com.n2.portal.dto.ExpenseDateDTO@457926ff, com.n2.portal.dto.ExpenseDateDTO@593f483d, com.n2.portal.dto.ExpenseDateDTO@589403d9, com.n2.portal.dto.ExpenseDateDTO@9fbf403, com.n2.portal.dto.ExpenseDateDTO@5b9651d],{}>
2017-01-08 01:33:32,952 [   AspectController.java:http-bio-8080-exec-9:33] - -------------------------------------------------------------------------------
2017-01-08 01:33:32,956 [   AspectController.java:http-bio-8080-exec-1:31] - ---------------------- getMenus-------------------------------------
2017-01-08 01:33:32,957 [   AspectController.java:http-bio-8080-exec-1:32] - Result : [AbstractMenu{id=1, name='Dashboard', description='Dashboard', icon='dashboard', url='home.dashboard', orderIndex=1}, AbstractMenu{id=2, name='Expense', description='Expense', icon='expense', url='home.expense', orderIndex=2}, AbstractMenu{id=3, name='Report', description='Report', icon='report', url='home.report', orderIndex=3}, AbstractMenu{id=4, name='Administrator', description='Administrator', icon='admin', url='home.administrator', orderIndex=4}]
2017-01-08 01:33:32,957 [   AspectController.java:http-bio-8080-exec-1:33] - -------------------------------------------------------------------------------
2017-01-08 01:33:33,665 [   AspectController.java:http-bio-8080-exec-3:20] - Running function getUserCurrent of controller class com.n2.portal.controller.UserController$$EnhancerBySpringCGLIB$$ac97ef64
2017-01-08 01:33:33,666 [   AspectController.java:http-bio-8080-exec-1:20] - Running function getMenus of controller class com.n2.portal.controller.MenuController$$EnhancerBySpringCGLIB$$66a7ada0
2017-01-08 01:33:33,667 [   AspectController.java:http-bio-8080-exec-7:20] - Running function getExpenses of controller class com.n2.portal.controller.ExpenseController$$EnhancerBySpringCGLIB$$5e8d293d
2017-01-08 01:33:33,676 [   AspectController.java:http-bio-8080-exec-3:31] - ---------------------- getUserCurrent-------------------------------------
2017-01-08 01:33:33,677 [   AspectController.java:http-bio-8080-exec-3:32] - Result : User [id=1, ssoId=admin, password=$2a$10$hLkfaVeSZ9UB7hCrE1eeheb7EacOr9xbbghmkc0mqmdrPN.9dY.Fa, firstName=Nhan, lastName=Dinh, email=huunhancit@gmail.com, state=Active, userProfiles=[UserProfile [id=2,  type=ADMIN]]]
2017-01-08 01:33:33,677 [   AspectController.java:http-bio-8080-exec-3:33] - -------------------------------------------------------------------------------
2017-01-08 01:33:33,684 [   AspectController.java:http-bio-8080-exec-1:31] - ---------------------- getMenus-------------------------------------
2017-01-08 01:33:33,685 [   AspectController.java:http-bio-8080-exec-1:32] - Result : [AbstractMenu{id=1, name='Dashboard', description='Dashboard', icon='dashboard', url='home.dashboard', orderIndex=1}, AbstractMenu{id=2, name='Expense', description='Expense', icon='expense', url='home.expense', orderIndex=2}, AbstractMenu{id=3, name='Report', description='Report', icon='report', url='home.report', orderIndex=3}, AbstractMenu{id=4, name='Administrator', description='Administrator', icon='admin', url='home.administrator', orderIndex=4}]
2017-01-08 01:33:33,685 [   AspectController.java:http-bio-8080-exec-1:33] - -------------------------------------------------------------------------------
2017-01-08 01:33:33,689 [   AspectController.java:http-bio-8080-exec-7:31] - ---------------------- getExpenses-------------------------------------
2017-01-08 01:33:33,690 [   AspectController.java:http-bio-8080-exec-7:32] - Result : <200 OK,[com.n2.portal.dto.ExpenseDateDTO@7437317c, com.n2.portal.dto.ExpenseDateDTO@5f28aaf2, com.n2.portal.dto.ExpenseDateDTO@79f27878, com.n2.portal.dto.ExpenseDateDTO@3bfb8ac6, com.n2.portal.dto.ExpenseDateDTO@768ae014, com.n2.portal.dto.ExpenseDateDTO@6c6fbb0d, com.n2.portal.dto.ExpenseDateDTO@6b43f40, com.n2.portal.dto.ExpenseDateDTO@61fe38ea, com.n2.portal.dto.ExpenseDateDTO@40d5fe81, com.n2.portal.dto.ExpenseDateDTO@51738245, com.n2.portal.dto.ExpenseDateDTO@761ae914, com.n2.portal.dto.ExpenseDateDTO@66b3a655, com.n2.portal.dto.ExpenseDateDTO@9fd7df4, com.n2.portal.dto.ExpenseDateDTO@44d1b724, com.n2.portal.dto.ExpenseDateDTO@65a2a4e3, com.n2.portal.dto.ExpenseDateDTO@1ed8270c, com.n2.portal.dto.ExpenseDateDTO@7c28fbfe, com.n2.portal.dto.ExpenseDateDTO@35890bc8, com.n2.portal.dto.ExpenseDateDTO@457c2426, com.n2.portal.dto.ExpenseDateDTO@1ac39bc2, com.n2.portal.dto.ExpenseDateDTO@210f746f, com.n2.portal.dto.ExpenseDateDTO@5c25fccd, com.n2.portal.dto.ExpenseDateDTO@785cbe7b, com.n2.portal.dto.ExpenseDateDTO@7ec72739, com.n2.portal.dto.ExpenseDateDTO@24b19882, com.n2.portal.dto.ExpenseDateDTO@5701cb4d, com.n2.portal.dto.ExpenseDateDTO@4a3308b0, com.n2.portal.dto.ExpenseDateDTO@d0a0020, com.n2.portal.dto.ExpenseDateDTO@25d7fc8b, com.n2.portal.dto.ExpenseDateDTO@7cd510df, com.n2.portal.dto.ExpenseDateDTO@2ef1f17d],{}>
2017-01-08 01:33:33,690 [   AspectController.java:http-bio-8080-exec-7:33] - -------------------------------------------------------------------------------
2017-01-08 01:33:34,845 [   AspectController.java:http-bio-8080-exec-7:20] - Running function getAll of controller class com.n2.portal.controller.SpendController$$EnhancerBySpringCGLIB$$f68ce3cf
2017-01-08 01:33:34,854 [   AspectController.java:http-bio-8080-exec-7:31] - ---------------------- getAll-------------------------------------
2017-01-08 01:33:34,854 [   AspectController.java:http-bio-8080-exec-7:32] - Result : <200 OK,[com.n2.portal.model.expense.SpendCategory@30e0a0e5],{}>
2017-01-08 01:33:34,855 [   AspectController.java:http-bio-8080-exec-7:33] - -------------------------------------------------------------------------------
2017-01-08 01:33:44,588 [   AspectController.java:http-bio-8080-exec-7:20] - Running function getAll of controller class com.n2.portal.controller.SpendController$$EnhancerBySpringCGLIB$$f68ce3cf
2017-01-08 01:33:44,598 [   AspectController.java:http-bio-8080-exec-7:31] - ---------------------- getAll-------------------------------------
2017-01-08 01:33:44,598 [   AspectController.java:http-bio-8080-exec-7:32] - Result : <200 OK,[com.n2.portal.model.expense.SpendCategory@7ae71a74, com.n2.portal.model.expense.SpendCategory@6af3b857, com.n2.portal.model.expense.SpendCategory@1879790b, com.n2.portal.model.expense.SpendCategory@2e0ece27, com.n2.portal.model.expense.SpendCategory@40da1bd6, com.n2.portal.model.expense.SpendCategory@96f62f9, com.n2.portal.model.expense.SpendCategory@7ad9930e, com.n2.portal.model.expense.SpendCategory@5a469f9d, com.n2.portal.model.expense.SpendCategory@8d82496, com.n2.portal.model.expense.SpendCategory@613820e3],{}>
2017-01-08 01:33:44,598 [   AspectController.java:http-bio-8080-exec-7:33] - -------------------------------------------------------------------------------
2017-01-08 01:35:07,415 [   AspectController.java:http-bio-8080-exec-6:20] - Running function getAll of controller class com.n2.portal.controller.SpendController$$EnhancerBySpringCGLIB$$f68ce3cf
2017-01-08 01:35:07,425 [   AspectController.java:http-bio-8080-exec-6:31] - ---------------------- getAll-------------------------------------
2017-01-08 01:35:07,425 [   AspectController.java:http-bio-8080-exec-6:32] - Result : <200 OK,[com.n2.portal.model.expense.SpendCategory@61d1967e, com.n2.portal.model.expense.SpendCategory@6650ad4d, com.n2.portal.model.expense.SpendCategory@58e7484b, com.n2.portal.model.expense.SpendCategory@6bb085d8, com.n2.portal.model.expense.SpendCategory@600cf148, com.n2.portal.model.expense.SpendCategory@2af28f7d, com.n2.portal.model.expense.SpendCategory@606ac41, com.n2.portal.model.expense.SpendCategory@624d3f5e, com.n2.portal.model.expense.SpendCategory@25cdff34, com.n2.portal.model.expense.SpendCategory@202880e6],{}>
2017-01-08 01:35:07,425 [   AspectController.java:http-bio-8080-exec-6:33] - -------------------------------------------------------------------------------
2017-01-08 01:36:00,422 [   AspectController.java:http-bio-8080-exec-5:20] - Running function getUserCurrent of controller class com.n2.portal.controller.UserController$$EnhancerBySpringCGLIB$$b40e4707
2017-01-08 01:36:00,428 [   AspectController.java:http-bio-8080-exec-6:20] - Running function getMenus of controller class com.n2.portal.controller.MenuController$$EnhancerBySpringCGLIB$$6e1e0543
2017-01-08 01:36:00,498 [   AspectController.java:http-bio-8080-exec-5:31] - ---------------------- getUserCurrent-------------------------------------
2017-01-08 01:36:00,498 [   AspectController.java:http-bio-8080-exec-6:31] - ---------------------- getMenus-------------------------------------
2017-01-08 01:36:00,499 [   AspectController.java:http-bio-8080-exec-6:32] - Result : [AbstractMenu{id=1, name='Dashboard', description='Dashboard', icon='dashboard', url='home.dashboard', orderIndex=1}, AbstractMenu{id=2, name='Expense', description='Expense', icon='expense', url='home.expense', orderIndex=2}, AbstractMenu{id=3, name='Report', description='Report', icon='report', url='home.report', orderIndex=3}, AbstractMenu{id=4, name='Administrator', description='Administrator', icon='admin', url='home.administrator', orderIndex=4}]
2017-01-08 01:36:00,499 [   AspectController.java:http-bio-8080-exec-6:33] - -------------------------------------------------------------------------------
2017-01-08 01:36:00,499 [   AspectController.java:http-bio-8080-exec-5:32] - Result : User [id=1, ssoId=admin, password=$2a$10$hLkfaVeSZ9UB7hCrE1eeheb7EacOr9xbbghmkc0mqmdrPN.9dY.Fa, firstName=Nhan, lastName=Dinh, email=huunhancit@gmail.com, state=Active, userProfiles=[UserProfile [id=2,  type=ADMIN]]]
2017-01-08 01:36:00,501 [   AspectController.java:http-bio-8080-exec-5:33] - -------------------------------------------------------------------------------
2017-01-08 01:36:02,430 [   AspectController.java:http-bio-8080-exec-8:20] - Running function getExpenses of controller class com.n2.portal.controller.ExpenseController$$EnhancerBySpringCGLIB$$660380e0
2017-01-08 01:36:02,546 [   AspectController.java:http-bio-8080-exec-8:31] - ---------------------- getExpenses-------------------------------------
2017-01-08 01:36:02,546 [   AspectController.java:http-bio-8080-exec-8:32] - Result : <200 OK,[com.n2.portal.dto.ExpenseDateDTO@61c066cc, com.n2.portal.dto.ExpenseDateDTO@36ca3507, com.n2.portal.dto.ExpenseDateDTO@90804cc, com.n2.portal.dto.ExpenseDateDTO@3baf0efe, com.n2.portal.dto.ExpenseDateDTO@59bbf941, com.n2.portal.dto.ExpenseDateDTO@3e3e8d7c, com.n2.portal.dto.ExpenseDateDTO@7759c013, com.n2.portal.dto.ExpenseDateDTO@34c2e8f8, com.n2.portal.dto.ExpenseDateDTO@32b56ed0, com.n2.portal.dto.ExpenseDateDTO@782a5097, com.n2.portal.dto.ExpenseDateDTO@41ca4ed9, com.n2.portal.dto.ExpenseDateDTO@626ceb30, com.n2.portal.dto.ExpenseDateDTO@7b36ca43, com.n2.portal.dto.ExpenseDateDTO@5132935a, com.n2.portal.dto.ExpenseDateDTO@429da323, com.n2.portal.dto.ExpenseDateDTO@47adf52b, com.n2.portal.dto.ExpenseDateDTO@a844b4f, com.n2.portal.dto.ExpenseDateDTO@4fe9a106, com.n2.portal.dto.ExpenseDateDTO@60c28763, com.n2.portal.dto.ExpenseDateDTO@48ee22fd, com.n2.portal.dto.ExpenseDateDTO@6018c69c, com.n2.portal.dto.ExpenseDateDTO@627bba08, com.n2.portal.dto.ExpenseDateDTO@16f6c0bb, com.n2.portal.dto.ExpenseDateDTO@2f36e152, com.n2.portal.dto.ExpenseDateDTO@9bcfe0e, com.n2.portal.dto.ExpenseDateDTO@3628aecb, com.n2.portal.dto.ExpenseDateDTO@16fb43ad, com.n2.portal.dto.ExpenseDateDTO@edf0c51, com.n2.portal.dto.ExpenseDateDTO@607dcf0a, com.n2.portal.dto.ExpenseDateDTO@13507b38, com.n2.portal.dto.ExpenseDateDTO@5f7aa4d4],{}>
2017-01-08 01:36:02,546 [   AspectController.java:http-bio-8080-exec-8:33] - -------------------------------------------------------------------------------
2017-01-08 01:36:03,614 [   AspectController.java:http-bio-8080-exec-9:20] - Running function getAll of controller class com.n2.portal.controller.SpendController$$EnhancerBySpringCGLIB$$fe033b72
2017-01-08 01:36:03,650 [   AspectController.java:http-bio-8080-exec-9:31] - ---------------------- getAll-------------------------------------
2017-01-08 01:36:03,650 [   AspectController.java:http-bio-8080-exec-9:32] - Result : <200 OK,[],{}>
2017-01-08 01:36:03,651 [   AspectController.java:http-bio-8080-exec-9:33] - -------------------------------------------------------------------------------
2017-01-08 01:36:05,454 [   AspectController.java:http-bio-8080-exec-10:20] - Running function getAll of controller class com.n2.portal.controller.SpendController$$EnhancerBySpringCGLIB$$fe033b72
2017-01-08 01:36:05,466 [   AspectController.java:http-bio-8080-exec-10:31] - ---------------------- getAll-------------------------------------
2017-01-08 01:36:05,467 [   AspectController.java:http-bio-8080-exec-10:32] - Result : <200 OK,[com.n2.portal.model.expense.SpendCategory@4d506d10],{}>
2017-01-08 01:36:05,467 [   AspectController.java:http-bio-8080-exec-10:33] - -------------------------------------------------------------------------------
2017-01-08 01:36:08,697 [   AspectController.java:http-bio-8080-exec-10:20] - Running function deleteSpendCategory of controller class com.n2.portal.controller.SpendController$$EnhancerBySpringCGLIB$$fe033b72
2017-01-08 01:36:08,877 [   AspectController.java:http-bio-8080-exec-10:31] - ---------------------- deleteSpendCategory-------------------------------------
2017-01-08 01:36:08,878 [   AspectController.java:http-bio-8080-exec-10:32] - Result : <200 OK,{}>
2017-01-08 01:36:08,878 [   AspectController.java:http-bio-8080-exec-10:33] - -------------------------------------------------------------------------------
2017-01-08 01:36:13,334 [   AspectController.java:http-bio-8080-exec-10:20] - Running function getAll of controller class com.n2.portal.controller.SpendController$$EnhancerBySpringCGLIB$$fe033b72
2017-01-08 01:36:13,347 [   AspectController.java:http-bio-8080-exec-10:31] - ---------------------- getAll-------------------------------------
2017-01-08 01:36:13,347 [   AspectController.java:http-bio-8080-exec-10:32] - Result : <200 OK,[],{}>
2017-01-08 01:36:13,347 [   AspectController.java:http-bio-8080-exec-10:33] - -------------------------------------------------------------------------------
2017-01-08 01:36:15,293 [   AspectController.java:http-bio-8080-exec-10:20] - Running function getAll of controller class com.n2.portal.controller.SpendController$$EnhancerBySpringCGLIB$$fe033b72
2017-01-08 01:36:15,307 [   AspectController.java:http-bio-8080-exec-10:31] - ---------------------- getAll-------------------------------------
2017-01-08 01:36:15,308 [   AspectController.java:http-bio-8080-exec-10:32] - Result : <200 OK,[com.n2.portal.model.expense.SpendCategory@32302023, com.n2.portal.model.expense.SpendCategory@60cba61e, com.n2.portal.model.expense.SpendCategory@67df4f4d, com.n2.portal.model.expense.SpendCategory@1d881adc, com.n2.portal.model.expense.SpendCategory@7a750b97, com.n2.portal.model.expense.SpendCategory@ba1964e, com.n2.portal.model.expense.SpendCategory@377a0c01],{}>
2017-01-08 01:36:15,308 [   AspectController.java:http-bio-8080-exec-10:33] - -------------------------------------------------------------------------------
2017-01-08 01:36:21,269 [   AspectController.java:http-bio-8080-exec-10:20] - Running function deleteSpendCategory of controller class com.n2.portal.controller.SpendController$$EnhancerBySpringCGLIB$$fe033b72
2017-01-08 01:36:21,347 [   AspectController.java:http-bio-8080-exec-10:31] - ---------------------- deleteSpendCategory-------------------------------------
2017-01-08 01:36:21,347 [   AspectController.java:http-bio-8080-exec-10:32] - Result : <200 OK,{}>
2017-01-08 01:36:21,347 [   AspectController.java:http-bio-8080-exec-10:33] - -------------------------------------------------------------------------------
